0 info it worked if it ends with ok
1 verbose cli [ 'D:\\Programs\\node\\node.exe',
1 verbose cli   'D:\\Programs\\node\\node_modules\\npm\\bin\\npm-cli.js',
1 verbose cli   'i',
1 verbose cli   '--save-dev',
1 verbose cli   'react/jsx-boolean-value' ]
2 info using npm@3.10.3
3 info using node@v6.3.1
4 silly loadCurrentTree Starting
5 silly install loadCurrentTree
6 silly install readLocalPackageData
7 silly fetchPackageMetaData react/jsx-boolean-value
8 silly fetchOtherPackageData react/jsx-boolean-value
9 silly cache add args [ 'react/jsx-boolean-value', null ]
10 verbose cache add spec react/jsx-boolean-value
11 silly cache add parsed spec Result {
11 silly cache add   raw: 'react/jsx-boolean-value',
11 silly cache add   scope: null,
11 silly cache add   escapedName: null,
11 silly cache add   name: null,
11 silly cache add   rawSpec: 'react/jsx-boolean-value',
11 silly cache add   spec: 'github:react/jsx-boolean-value',
11 silly cache add   type: 'hosted',
11 silly cache add   hosted:
11 silly cache add    { type: 'github',
11 silly cache add      ssh: 'git@github.com:react/jsx-boolean-value.git',
11 silly cache add      sshUrl: 'git+ssh://git@github.com/react/jsx-boolean-value.git',
11 silly cache add      httpsUrl: 'git+https://github.com/react/jsx-boolean-value.git',
11 silly cache add      gitUrl: 'git://github.com/react/jsx-boolean-value.git',
11 silly cache add      shortcut: 'github:react/jsx-boolean-value',
11 silly cache add      directUrl: 'https://raw.githubusercontent.com/react/jsx-boolean-value/master/package.json' } }
12 verbose addRemoteGit caching react/jsx-boolean-value
13 verbose addRemoteGit react/jsx-boolean-value is a repository hosted by github
14 silly tryGitProto attempting to clone git://github.com/react/jsx-boolean-value.git
15 silly tryClone cloning react/jsx-boolean-value via git://github.com/react/jsx-boolean-value.git
16 verbose tryClone git-github-com-react-jsx-boolean-value-git-d35f99c9 not in flight; caching
17 verbose correctMkdir C:\Users\Nick\AppData\Roaming\npm-cache\_git-remotes correctMkdir not in flight; initializing
18 verbose makeDirectory C:\Users\Nick\AppData\Roaming\npm-cache\_git-remotes creation not in flight; initializing
19 verbose makeCacheDir UID & GID are irrelevant on win32
20 info git [ 'clone',
20 info git   '--template=C:\\Users\\Nick\\AppData\\Roaming\\npm-cache\\_git-remotes\\_templates',
20 info git   '--mirror',
20 info git   'git://github.com/react/jsx-boolean-value.git',
20 info git   'C:\\Users\\Nick\\AppData\\Roaming\\npm-cache\\_git-remotes\\git-github-com-react-jsx-boolean-value-git-d35f99c9' ]
21 verbose git clone --template=C:\Users\Nick\AppData\Roaming\npm-cache\_git-remotes\_templates --mirror git://github.com/react/jsx-boolean-value.git C:\Users\Nick\AppData\Roaming\npm-cache\_git-remotes\git-github-com-react-jsx-boolean-value-git-d35f99c9: Cloning into bare repository 'C:\Users\Nick\AppData\Roaming\npm-cache\_git-remotes\git-github-com-react-jsx-boolean-value-git-d35f99c9'...
21 verbose git clone --template=C:\Users\Nick\AppData\Roaming\npm-cache\_git-remotes\_templates --mirror git://github.com/react/jsx-boolean-value.git C:\Users\Nick\AppData\Roaming\npm-cache\_git-remotes\git-github-com-react-jsx-boolean-value-git-d35f99c9: fatal: remote error:
21 verbose git clone --template=C:\Users\Nick\AppData\Roaming\npm-cache\_git-remotes\_templates --mirror git://github.com/react/jsx-boolean-value.git C:\Users\Nick\AppData\Roaming\npm-cache\_git-remotes\git-github-com-react-jsx-boolean-value-git-d35f99c9:   Repository not found.
22 silly tryHTTPS attempting to clone git+https://github.com/react/jsx-boolean-value.git
23 silly tryClone cloning react/jsx-boolean-value via git+https://github.com/react/jsx-boolean-value.git
24 verbose tryClone git-https-github-com-react-jsx-boolean-value-git-362a444b not in flight; caching
25 verbose correctMkdir C:\Users\Nick\AppData\Roaming\npm-cache\_git-remotes correctMkdir not in flight; initializing
26 info git [ 'clone',
26 info git   '--template=C:\\Users\\Nick\\AppData\\Roaming\\npm-cache\\_git-remotes\\_templates',
26 info git   '--mirror',
26 info git   'https://github.com/react/jsx-boolean-value.git',
26 info git   'C:\\Users\\Nick\\AppData\\Roaming\\npm-cache\\_git-remotes\\git-https-github-com-react-jsx-boolean-value-git-362a444b' ]
27 verbose git clone --template=C:\Users\Nick\AppData\Roaming\npm-cache\_git-remotes\_templates --mirror https://github.com/react/jsx-boolean-value.git C:\Users\Nick\AppData\Roaming\npm-cache\_git-remotes\git-https-github-com-react-jsx-boolean-value-git-362a444b: Cloning into bare repository 'C:\Users\Nick\AppData\Roaming\npm-cache\_git-remotes\git-https-github-com-react-jsx-boolean-value-git-362a444b'...
27 verbose git clone --template=C:\Users\Nick\AppData\Roaming\npm-cache\_git-remotes\_templates --mirror https://github.com/react/jsx-boolean-value.git C:\Users\Nick\AppData\Roaming\npm-cache\_git-remotes\git-https-github-com-react-jsx-boolean-value-git-362a444b: remote: Repository not found.
27 verbose git clone --template=C:\Users\Nick\AppData\Roaming\npm-cache\_git-remotes\_templates --mirror https://github.com/react/jsx-boolean-value.git C:\Users\Nick\AppData\Roaming\npm-cache\_git-remotes\git-https-github-com-react-jsx-boolean-value-git-362a444b: fatal: repository 'https://github.com/react/jsx-boolean-value.git/' not found
28 silly trySSH attempting to clone git@github.com:react/jsx-boolean-value.git
29 silly tryClone cloning react/jsx-boolean-value via git@github.com:react/jsx-boolean-value.git
30 verbose tryClone git-github-com-react-jsx-boolean-value-git-4663e399 not in flight; caching
31 verbose correctMkdir C:\Users\Nick\AppData\Roaming\npm-cache\_git-remotes correctMkdir not in flight; initializing
32 info git [ 'clone',
32 info git   '--template=C:\\Users\\Nick\\AppData\\Roaming\\npm-cache\\_git-remotes\\_templates',
32 info git   '--mirror',
32 info git   'git@github.com:react/jsx-boolean-value.git',
32 info git   'C:\\Users\\Nick\\AppData\\Roaming\\npm-cache\\_git-remotes\\git-github-com-react-jsx-boolean-value-git-4663e399' ]
33 error git clone --template=C:\Users\Nick\AppData\Roaming\npm-cache\_git-remotes\_templates --mirror git@github.com:react/jsx-boolean-value.git C:\Users\Nick\AppData\Roaming\npm-cache\_git-remotes\git-github-com-react-jsx-boolean-value-git-4663e399: Cloning into bare repository 'C:\Users\Nick\AppData\Roaming\npm-cache\_git-remotes\git-github-com-react-jsx-boolean-value-git-4663e399'...
33 error git clone --template=C:\Users\Nick\AppData\Roaming\npm-cache\_git-remotes\_templates --mirror git@github.com:react/jsx-boolean-value.git C:\Users\Nick\AppData\Roaming\npm-cache\_git-remotes\git-github-com-react-jsx-boolean-value-git-4663e399: Host key verification failed.
33 error git clone --template=C:\Users\Nick\AppData\Roaming\npm-cache\_git-remotes\_templates --mirror git@github.com:react/jsx-boolean-value.git C:\Users\Nick\AppData\Roaming\npm-cache\_git-remotes\git-github-com-react-jsx-boolean-value-git-4663e399: fatal: Could not read from remote repository.
33 error git clone --template=C:\Users\Nick\AppData\Roaming\npm-cache\_git-remotes\_templates --mirror git@github.com:react/jsx-boolean-value.git C:\Users\Nick\AppData\Roaming\npm-cache\_git-remotes\git-github-com-react-jsx-boolean-value-git-4663e399:
33 error git clone --template=C:\Users\Nick\AppData\Roaming\npm-cache\_git-remotes\_templates --mirror git@github.com:react/jsx-boolean-value.git C:\Users\Nick\AppData\Roaming\npm-cache\_git-remotes\git-github-com-react-jsx-boolean-value-git-4663e399: Please make sure you have the correct access rights
33 error git clone --template=C:\Users\Nick\AppData\Roaming\npm-cache\_git-remotes\_templates --mirror git@github.com:react/jsx-boolean-value.git C:\Users\Nick\AppData\Roaming\npm-cache\_git-remotes\git-github-com-react-jsx-boolean-value-git-4663e399: and the repository exists.
34 silly fetchPackageMetaData Error: Command failed: git -c core.longpaths=true clone --template=C:\Users\Nick\AppData\Roaming\npm-cache\_git-remotes\_templates --mirror git@github.com:react/jsx-boolean-value.git C:\Users\Nick\AppData\Roaming\npm-cache\_git-remotes\git-github-com-react-jsx-boolean-value-git-4663e399
34 silly fetchPackageMetaData Cloning into bare repository 'C:\Users\Nick\AppData\Roaming\npm-cache\_git-remotes\git-github-com-react-jsx-boolean-value-git-4663e399'...
34 silly fetchPackageMetaData Host key verification failed.
34 silly fetchPackageMetaData fatal: Could not read from remote repository.
34 silly fetchPackageMetaData
34 silly fetchPackageMetaData Please make sure you have the correct access rights
34 silly fetchPackageMetaData and the repository exists.
34 silly fetchPackageMetaData
34 silly fetchPackageMetaData     at ChildProcess.exithandler (child_process.js:202:12)
34 silly fetchPackageMetaData     at emitTwo (events.js:106:13)
34 silly fetchPackageMetaData     at ChildProcess.emit (events.js:191:7)
34 silly fetchPackageMetaData     at maybeClose (internal/child_process.js:852:16)
34 silly fetchPackageMetaData     at Process.ChildProcess._handle.onexit (internal/child_process.js:215:5)
34 silly fetchPackageMetaData  error for react/jsx-boolean-value { Error: Command failed: git -c core.longpaths=true clone --template=C:\Users\Nick\AppData\Roaming\npm-cache\_git-remotes\_templates --mirror git@github.com:react/jsx-boolean-value.git C:\Users\Nick\AppData\Roaming\npm-cache\_git-remotes\git-github-com-react-jsx-boolean-value-git-4663e399
34 silly fetchPackageMetaData Cloning into bare repository 'C:\Users\Nick\AppData\Roaming\npm-cache\_git-remotes\git-github-com-react-jsx-boolean-value-git-4663e399'...
34 silly fetchPackageMetaData Host key verification failed.
34 silly fetchPackageMetaData fatal: Could not read from remote repository.
34 silly fetchPackageMetaData
34 silly fetchPackageMetaData Please make sure you have the correct access rights
34 silly fetchPackageMetaData and the repository exists.
34 silly fetchPackageMetaData
34 silly fetchPackageMetaData     at ChildProcess.exithandler (child_process.js:202:12)
34 silly fetchPackageMetaData     at emitTwo (events.js:106:13)
34 silly fetchPackageMetaData     at ChildProcess.emit (events.js:191:7)
34 silly fetchPackageMetaData     at maybeClose (internal/child_process.js:852:16)
34 silly fetchPackageMetaData     at Process.ChildProcess._handle.onexit (internal/child_process.js:215:5)
34 silly fetchPackageMetaData   killed: false,
34 silly fetchPackageMetaData   code: 128,
34 silly fetchPackageMetaData   signal: null,
34 silly fetchPackageMetaData   cmd: 'git -c core.longpaths=true clone --template=C:\\Users\\Nick\\AppData\\Roaming\\npm-cache\\_git-remotes\\_templates --mirror git@github.com:react/jsx-boolean-value.git C:\\Users\\Nick\\AppData\\Roaming\\npm-cache\\_git-remotes\\git-github-com-react-jsx-boolean-value-git-4663e399' }
35 silly rollbackFailedOptional Starting
36 silly rollbackFailedOptional Finishing
37 silly runTopLevelLifecycles Starting
38 silly runTopLevelLifecycles Finishing
39 silly install printInstalled
40 verbose stack Error: Command failed: git -c core.longpaths=true clone --template=C:\Users\Nick\AppData\Roaming\npm-cache\_git-remotes\_templates --mirror git@github.com:react/jsx-boolean-value.git C:\Users\Nick\AppData\Roaming\npm-cache\_git-remotes\git-github-com-react-jsx-boolean-value-git-4663e399
40 verbose stack Cloning into bare repository 'C:\Users\Nick\AppData\Roaming\npm-cache\_git-remotes\git-github-com-react-jsx-boolean-value-git-4663e399'...
40 verbose stack Host key verification failed.
40 verbose stack fatal: Could not read from remote repository.
40 verbose stack
40 verbose stack Please make sure you have the correct access rights
40 verbose stack and the repository exists.
40 verbose stack
40 verbose stack     at ChildProcess.exithandler (child_process.js:202:12)
40 verbose stack     at emitTwo (events.js:106:13)
40 verbose stack     at ChildProcess.emit (events.js:191:7)
40 verbose stack     at maybeClose (internal/child_process.js:852:16)
40 verbose stack     at Process.ChildProcess._handle.onexit (internal/child_process.js:215:5)
41 verbose cwd D:\Programming\JavaScript\Bimgo\src
42 error Windows_NT 10.0.17134
43 error argv "D:\\Programs\\node\\node.exe" "D:\\Programs\\node\\node_modules\\npm\\bin\\npm-cli.js" "i" "--save-dev" "react/jsx-boolean-value"
44 error node v6.3.1
45 error npm  v3.10.3
46 error code 128
47 error Command failed: git -c core.longpaths=true clone --template=C:\Users\Nick\AppData\Roaming\npm-cache\_git-remotes\_templates --mirror git@github.com:react/jsx-boolean-value.git C:\Users\Nick\AppData\Roaming\npm-cache\_git-remotes\git-github-com-react-jsx-boolean-value-git-4663e399
47 error Cloning into bare repository 'C:\Users\Nick\AppData\Roaming\npm-cache\_git-remotes\git-github-com-react-jsx-boolean-value-git-4663e399'...
47 error Host key verification failed.
47 error fatal: Could not read from remote repository.
47 error
47 error Please make sure you have the correct access rights
47 error and the repository exists.
48 error If you need help, you may report this error at:
48 error     <https://github.com/npm/npm/issues>
49 verbose exit [ 1, true ]
